1612534835431	geckodriver	INFO	Listening on 127.0.0.1:50812
1612534838482	mozrunner::runner	INFO	Running command: "C:\\Program Files\\Mozilla Firefox\\firefox.exe" "--marionette" "-foreground" "-no-remote" "-profile" "C:\\Users\\user\\AppData\\Local\\Temp\\rust_mozprofileJDeAMS"
console.warn: SearchSettings: "get: No settings file exists, new profile?" (new Error("", "(unknown module)"))
1612534843185	Marionette	INFO	Listening on port 50821
1612534843340	Marionette	WARN	TLS certificate errors will be ignored for this session
1612534843354	Marionette	ERROR	[15] No reply from Marionette:Register
console.warn: SearchSettings: "get: No settings file exists, new profile?" (new Error("", "(unknown module)"))
JavaScript error: http://selenium1py.pythonanywhere.com/en-gb/catalogue/coders-at-work_207/, line 614: ReferenceError: oscar is not defined
1612534845136	Marionette	INFO	Stopped listening on port 50821

###!!! [Child][RunMessage] Error: Channel closing: too late to send/recv, messages will be lost

1612534881963	geckodriver	INFO	Listening on 127.0.0.1:50885
1612534885041	mozrunner::runner	INFO	Running command: "C:\\Program Files\\Mozilla Firefox\\firefox.exe" "--marionette" "-foreground" "-no-remote" "-profile" "C:\\Users\\user\\AppData\\Local\\Temp\\rust_mozprofileCvdcTW"
console.warn: SearchSettings: "get: No settings file exists, new profile?" (new Error("", "(unknown module)"))
1612534889265	Marionette	INFO	Listening on port 50894
1612534889370	Marionette	WARN	TLS certificate errors will be ignored for this session
1612534889389	Marionette	ERROR	[15] No reply from Marionette:Register
console.warn: SearchSettings: "get: No settings file exists, new profile?" (new Error("", "(unknown module)"))
JavaScript error: http://selenium1py.pythonanywhere.com/en-gb/catalogue/coders-at-work_207/, line 614: ReferenceError: oscar is not defined
1612534896350	Marionette	INFO	Stopped listening on port 50894

###!!! [Child][RunMessage] Error: Channel closing: too late to send/recv, messages will be lost

